<?xml version="1.0" encoding="UTF-8"?>
<testsuite name="cucumber.GameOfLifeTest" tests="26" skipped="0" failures="26" errors="0" timestamp="2019-07-25T07:53:11" hostname="vincent-DevTop" time="0.163">
  <properties/>
  <testcase name="Dead cell with 0 neighbors stays dead" classname="cucumber.GameOfLifeTest" time="0.02">
    <failure message="org.opentest4j.AssertionFailedError: Implement" type="org.opentest4j.AssertionFailedError">org.opentest4j.AssertionFailedError: Implement
	at org.junit.jupiter.api.AssertionUtils.fail(AssertionUtils.java:39)
	at org.junit.jupiter.api.Assertions.fail(Assertions.java:109)
	at cucumber.GameOfLifeSpec.i_evolve_the_board(GameOfLifeSpec.java:35)
	at ✽.I evolve the board(classpath:cucumber/dead_cell.feature:11)
</failure>
  </testcase>
  <testcase name="Dead cell with 1 neighbor stays dead" classname="cucumber.GameOfLifeTest" time="0.003">
    <failure message="org.opentest4j.AssertionFailedError: Implement" type="org.opentest4j.AssertionFailedError">org.opentest4j.AssertionFailedError: Implement
	at org.junit.jupiter.api.AssertionUtils.fail(AssertionUtils.java:39)
	at org.junit.jupiter.api.Assertions.fail(Assertions.java:109)
	at cucumber.GameOfLifeSpec.i_evolve_the_board(GameOfLifeSpec.java:35)
	at ✽.I evolve the board(classpath:cucumber/dead_cell.feature:19)
</failure>
  </testcase>
  <testcase name="Dead cell with 2 neighbors stays dead" classname="cucumber.GameOfLifeTest" time="0.002">
    <failure message="org.opentest4j.AssertionFailedError: Implement" type="org.opentest4j.AssertionFailedError">org.opentest4j.AssertionFailedError: Implement
	at org.junit.jupiter.api.AssertionUtils.fail(AssertionUtils.java:39)
	at org.junit.jupiter.api.Assertions.fail(Assertions.java:109)
	at cucumber.GameOfLifeSpec.i_evolve_the_board(GameOfLifeSpec.java:35)
	at ✽.I evolve the board(classpath:cucumber/dead_cell.feature:27)
</failure>
  </testcase>
  <testcase name="Dead cell with 3 neighbors comes to life" classname="cucumber.GameOfLifeTest" time="0.003">
    <failure message="org.opentest4j.AssertionFailedError: Implement" type="org.opentest4j.AssertionFailedError">org.opentest4j.AssertionFailedError: Implement
	at org.junit.jupiter.api.AssertionUtils.fail(AssertionUtils.java:39)
	at org.junit.jupiter.api.Assertions.fail(Assertions.java:109)
	at cucumber.GameOfLifeSpec.i_evolve_the_board(GameOfLifeSpec.java:35)
	at ✽.I evolve the board(classpath:cucumber/dead_cell.feature:35)
</failure>
  </testcase>
  <testcase name="Dead cell with 4 neighbors stays dead" classname="cucumber.GameOfLifeTest" time="0.003">
    <failure message="org.opentest4j.AssertionFailedError: Implement" type="org.opentest4j.AssertionFailedError">org.opentest4j.AssertionFailedError: Implement
	at org.junit.jupiter.api.AssertionUtils.fail(AssertionUtils.java:39)
	at org.junit.jupiter.api.Assertions.fail(Assertions.java:109)
	at cucumber.GameOfLifeSpec.i_evolve_the_board(GameOfLifeSpec.java:35)
	at ✽.I evolve the board(classpath:cucumber/dead_cell.feature:43)
</failure>
  </testcase>
  <testcase name="Dead cell with 5 neighbors stays dead" classname="cucumber.GameOfLifeTest" time="0.003">
    <failure message="org.opentest4j.AssertionFailedError: Implement" type="org.opentest4j.AssertionFailedError">org.opentest4j.AssertionFailedError: Implement
	at org.junit.jupiter.api.AssertionUtils.fail(AssertionUtils.java:39)
	at org.junit.jupiter.api.Assertions.fail(Assertions.java:109)
	at cucumber.GameOfLifeSpec.i_evolve_the_board(GameOfLifeSpec.java:35)
	at ✽.I evolve the board(classpath:cucumber/dead_cell.feature:51)
</failure>
  </testcase>
  <testcase name="Dead cell with 6 neighbors stays dead" classname="cucumber.GameOfLifeTest" time="0.008">
    <failure message="org.opentest4j.AssertionFailedError: Implement" type="org.opentest4j.AssertionFailedError">org.opentest4j.AssertionFailedError: Implement
	at org.junit.jupiter.api.AssertionUtils.fail(AssertionUtils.java:39)
	at org.junit.jupiter.api.Assertions.fail(Assertions.java:109)
	at cucumber.GameOfLifeSpec.i_evolve_the_board(GameOfLifeSpec.java:35)
	at ✽.I evolve the board(classpath:cucumber/dead_cell.feature:59)
</failure>
  </testcase>
  <testcase name="Dead cell with 7 neighbors stays dead" classname="cucumber.GameOfLifeTest" time="0.001">
    <failure message="org.opentest4j.AssertionFailedError: Implement" type="org.opentest4j.AssertionFailedError">org.opentest4j.AssertionFailedError: Implement
	at org.junit.jupiter.api.AssertionUtils.fail(AssertionUtils.java:39)
	at org.junit.jupiter.api.Assertions.fail(Assertions.java:109)
	at cucumber.GameOfLifeSpec.i_evolve_the_board(GameOfLifeSpec.java:35)
	at ✽.I evolve the board(classpath:cucumber/dead_cell.feature:67)
</failure>
  </testcase>
  <testcase name="Dead cell with 8 neighbors stays dead" classname="cucumber.GameOfLifeTest" time="0.001">
    <failure message="org.opentest4j.AssertionFailedError: Implement" type="org.opentest4j.AssertionFailedError">org.opentest4j.AssertionFailedError: Implement
	at org.junit.jupiter.api.AssertionUtils.fail(AssertionUtils.java:39)
	at org.junit.jupiter.api.Assertions.fail(Assertions.java:109)
	at cucumber.GameOfLifeSpec.i_evolve_the_board(GameOfLifeSpec.java:35)
	at ✽.I evolve the board(classpath:cucumber/dead_cell.feature:75)
</failure>
  </testcase>
  <testcase name="Living cell with 0 neighbors dies" classname="cucumber.GameOfLifeTest" time="0.004">
    <failure message="org.opentest4j.AssertionFailedError: Implement" type="org.opentest4j.AssertionFailedError">org.opentest4j.AssertionFailedError: Implement
	at org.junit.jupiter.api.AssertionUtils.fail(AssertionUtils.java:39)
	at org.junit.jupiter.api.Assertions.fail(Assertions.java:109)
	at cucumber.GameOfLifeSpec.i_evolve_the_board(GameOfLifeSpec.java:35)
	at ✽.I evolve the board(classpath:cucumber/live_cell.feature:11)
</failure>
  </testcase>
  <testcase name="Living cell with 1 neighbor dies" classname="cucumber.GameOfLifeTest" time="0.005">
    <failure message="org.opentest4j.AssertionFailedError: Implement" type="org.opentest4j.AssertionFailedError">org.opentest4j.AssertionFailedError: Implement
	at org.junit.jupiter.api.AssertionUtils.fail(AssertionUtils.java:39)
	at org.junit.jupiter.api.Assertions.fail(Assertions.java:109)
	at cucumber.GameOfLifeSpec.i_evolve_the_board(GameOfLifeSpec.java:35)
	at ✽.I evolve the board(classpath:cucumber/live_cell.feature:19)
</failure>
  </testcase>
  <testcase name="Living cell with 2 neighbors lives" classname="cucumber.GameOfLifeTest" time="0.007">
    <failure message="org.opentest4j.AssertionFailedError: Implement" type="org.opentest4j.AssertionFailedError">org.opentest4j.AssertionFailedError: Implement
	at org.junit.jupiter.api.AssertionUtils.fail(AssertionUtils.java:39)
	at org.junit.jupiter.api.Assertions.fail(Assertions.java:109)
	at cucumber.GameOfLifeSpec.i_evolve_the_board(GameOfLifeSpec.java:35)
	at ✽.I evolve the board(classpath:cucumber/live_cell.feature:27)
</failure>
  </testcase>
  <testcase name="Living cell with 3 neighbors lives" classname="cucumber.GameOfLifeTest" time="0.008">
    <failure message="org.opentest4j.AssertionFailedError: Implement" type="org.opentest4j.AssertionFailedError">org.opentest4j.AssertionFailedError: Implement
	at org.junit.jupiter.api.AssertionUtils.fail(AssertionUtils.java:39)
	at org.junit.jupiter.api.Assertions.fail(Assertions.java:109)
	at cucumber.GameOfLifeSpec.i_evolve_the_board(GameOfLifeSpec.java:35)
	at ✽.I evolve the board(classpath:cucumber/live_cell.feature:35)
</failure>
  </testcase>
  <testcase name="Living cell with 4 neighbors dies" classname="cucumber.GameOfLifeTest" time="0.001">
    <failure message="org.opentest4j.AssertionFailedError: Implement" type="org.opentest4j.AssertionFailedError">org.opentest4j.AssertionFailedError: Implement
	at org.junit.jupiter.api.AssertionUtils.fail(AssertionUtils.java:39)
	at org.junit.jupiter.api.Assertions.fail(Assertions.java:109)
	at cucumber.GameOfLifeSpec.i_evolve_the_board(GameOfLifeSpec.java:35)
	at ✽.I evolve the board(classpath:cucumber/live_cell.feature:43)
</failure>
  </testcase>
  <testcase name="Living cell with 5 neighbors dies" classname="cucumber.GameOfLifeTest" time="0.002">
    <failure message="org.opentest4j.AssertionFailedError: Implement" type="org.opentest4j.AssertionFailedError">org.opentest4j.AssertionFailedError: Implement
	at org.junit.jupiter.api.AssertionUtils.fail(AssertionUtils.java:39)
	at org.junit.jupiter.api.Assertions.fail(Assertions.java:109)
	at cucumber.GameOfLifeSpec.i_evolve_the_board(GameOfLifeSpec.java:35)
	at ✽.I evolve the board(classpath:cucumber/live_cell.feature:51)
</failure>
  </testcase>
  <testcase name="Living cell with 6 neighbors dies" classname="cucumber.GameOfLifeTest" time="0.003">
    <failure message="org.opentest4j.AssertionFailedError: Implement" type="org.opentest4j.AssertionFailedError">org.opentest4j.AssertionFailedError: Implement
	at org.junit.jupiter.api.AssertionUtils.fail(AssertionUtils.java:39)
	at org.junit.jupiter.api.Assertions.fail(Assertions.java:109)
	at cucumber.GameOfLifeSpec.i_evolve_the_board(GameOfLifeSpec.java:35)
	at ✽.I evolve the board(classpath:cucumber/live_cell.feature:59)
</failure>
  </testcase>
  <testcase name="Living cell with 7 neighbors dies" classname="cucumber.GameOfLifeTest" time="0.003">
    <failure message="org.opentest4j.AssertionFailedError: Implement" type="org.opentest4j.AssertionFailedError">org.opentest4j.AssertionFailedError: Implement
	at org.junit.jupiter.api.AssertionUtils.fail(AssertionUtils.java:39)
	at org.junit.jupiter.api.Assertions.fail(Assertions.java:109)
	at cucumber.GameOfLifeSpec.i_evolve_the_board(GameOfLifeSpec.java:35)
	at ✽.I evolve the board(classpath:cucumber/live_cell.feature:67)
</failure>
  </testcase>
  <testcase name="Living cell with 8 neighbors dies" classname="cucumber.GameOfLifeTest" time="0.008">
    <failure message="org.opentest4j.AssertionFailedError: Implement" type="org.opentest4j.AssertionFailedError">org.opentest4j.AssertionFailedError: Implement
	at org.junit.jupiter.api.AssertionUtils.fail(AssertionUtils.java:39)
	at org.junit.jupiter.api.Assertions.fail(Assertions.java:109)
	at cucumber.GameOfLifeSpec.i_evolve_the_board(GameOfLifeSpec.java:35)
	at ✽.I evolve the board(classpath:cucumber/live_cell.feature:75)
</failure>
  </testcase>
  <testcase name="Sparse grid with nobody staying alive" classname="cucumber.GameOfLifeTest" time="0.009">
    <failure message="org.opentest4j.AssertionFailedError: Implement" type="org.opentest4j.AssertionFailedError">org.opentest4j.AssertionFailedError: Implement
	at org.junit.jupiter.api.AssertionUtils.fail(AssertionUtils.java:39)
	at org.junit.jupiter.api.Assertions.fail(Assertions.java:109)
	at cucumber.GameOfLifeSpec.i_evolve_the_board(GameOfLifeSpec.java:35)
	at ✽.I evolve the board(classpath:cucumber/multiple_cells.feature:13)
</failure>
  </testcase>
  <testcase name="Over-crowded grid" classname="cucumber.GameOfLifeTest" time="0.006">
    <failure message="org.opentest4j.AssertionFailedError: Implement" type="org.opentest4j.AssertionFailedError">org.opentest4j.AssertionFailedError: Implement
	at org.junit.jupiter.api.AssertionUtils.fail(AssertionUtils.java:39)
	at org.junit.jupiter.api.Assertions.fail(Assertions.java:109)
	at cucumber.GameOfLifeSpec.i_evolve_the_board(GameOfLifeSpec.java:35)
	at ✽.I evolve the board(classpath:cucumber/multiple_cells.feature:28)
</failure>
  </testcase>
  <testcase name="Multiple dead cells coming to life" classname="cucumber.GameOfLifeTest" time="0.003">
    <failure message="org.opentest4j.AssertionFailedError: Implement" type="org.opentest4j.AssertionFailedError">org.opentest4j.AssertionFailedError: Implement
	at org.junit.jupiter.api.AssertionUtils.fail(AssertionUtils.java:39)
	at org.junit.jupiter.api.Assertions.fail(Assertions.java:109)
	at cucumber.GameOfLifeSpec.i_evolve_the_board(GameOfLifeSpec.java:35)
	at ✽.I evolve the board(classpath:cucumber/multiple_cells.feature:43)
</failure>
  </testcase>
  <testcase name="Cells come alive, then die off" classname="cucumber.GameOfLifeTest" time="0.007">
    <failure message="org.opentest4j.AssertionFailedError: Implement" type="org.opentest4j.AssertionFailedError">org.opentest4j.AssertionFailedError: Implement
	at org.junit.jupiter.api.AssertionUtils.fail(AssertionUtils.java:39)
	at org.junit.jupiter.api.Assertions.fail(Assertions.java:109)
	at cucumber.GameOfLifeSpec.i_evolve_the_board(GameOfLifeSpec.java:35)
	at ✽.I evolve the board(classpath:cucumber/multiple_generations.feature:13)
</failure>
  </testcase>
  <testcase name="Block" classname="cucumber.GameOfLifeTest" time="0.007">
    <failure message="org.opentest4j.AssertionFailedError: Implement" type="org.opentest4j.AssertionFailedError">org.opentest4j.AssertionFailedError: Implement
	at org.junit.jupiter.api.AssertionUtils.fail(AssertionUtils.java:39)
	at org.junit.jupiter.api.Assertions.fail(Assertions.java:109)
	at cucumber.GameOfLifeSpec.i_evolve_the_board(GameOfLifeSpec.java:35)
	at ✽.I evolve the board(classpath:cucumber/static_structures.feature:13)
</failure>
  </testcase>
  <testcase name="Beehive" classname="cucumber.GameOfLifeTest" time="0.001">
    <failure message="org.opentest4j.AssertionFailedError: Implement" type="org.opentest4j.AssertionFailedError">org.opentest4j.AssertionFailedError: Implement
	at org.junit.jupiter.api.AssertionUtils.fail(AssertionUtils.java:39)
	at org.junit.jupiter.api.Assertions.fail(Assertions.java:109)
	at cucumber.GameOfLifeSpec.i_evolve_the_board(GameOfLifeSpec.java:35)
	at ✽.I evolve the board(classpath:cucumber/static_structures.feature:28)
</failure>
  </testcase>
  <testcase name="Loaf" classname="cucumber.GameOfLifeTest" time="0.001">
    <failure message="org.opentest4j.AssertionFailedError: Implement" type="org.opentest4j.AssertionFailedError">org.opentest4j.AssertionFailedError: Implement
	at org.junit.jupiter.api.AssertionUtils.fail(AssertionUtils.java:39)
	at org.junit.jupiter.api.Assertions.fail(Assertions.java:109)
	at cucumber.GameOfLifeSpec.i_evolve_the_board(GameOfLifeSpec.java:35)
	at ✽.I evolve the board(classpath:cucumber/static_structures.feature:44)
</failure>
  </testcase>
  <testcase name="Boat" classname="cucumber.GameOfLifeTest" time="0.002">
    <failure message="org.opentest4j.AssertionFailedError: Implement" type="org.opentest4j.AssertionFailedError">org.opentest4j.AssertionFailedError: Implement
	at org.junit.jupiter.api.AssertionUtils.fail(AssertionUtils.java:39)
	at org.junit.jupiter.api.Assertions.fail(Assertions.java:109)
	at cucumber.GameOfLifeSpec.i_evolve_the_board(GameOfLifeSpec.java:35)
	at ✽.I evolve the board(classpath:cucumber/static_structures.feature:60)
</failure>
  </testcase>
  <system-out><![CDATA[Feature: Evolving a dead cell
  In order to create a functioning rules engine
  As a programmer of Conway's Game of Life
  I can evolve a single dead cell based

  Scenario: Dead cell with 0 neighbors stays dead ?[90m# cucumber/dead_cell.feature:6?[0m
    ?[32mGiven ?[0m?[32mthe following setup?[0m                     ?[90m# GameOfLifeSpec.the_following_setup(DataTable)?[0m
    ?[31mWhen ?[0m?[31mI evolve the board?[0m                       ?[90m# GameOfLifeSpec.i_evolve_the_board()?[0m
      ?[31morg.opentest4j.AssertionFailedError: Implement
	at org.junit.jupiter.api.AssertionUtils.fail(AssertionUtils.java:39)
	at org.junit.jupiter.api.Assertions.fail(Assertions.java:109)
	at cucumber.GameOfLifeSpec.i_evolve_the_board(GameOfLifeSpec.java:35)
	at ✽.I evolve the board(classpath:cucumber/dead_cell.feature:11)
?[0m
    ?[36mThen ?[0m?[36mthe center cell should be ?[0m?[36m?[1mdead?[0m           ?[90m# GameOfLifeSpec.the_center_cell_should_be_dead(String)?[0m

  Scenario: Dead cell with 1 neighbor stays dead ?[90m# cucumber/dead_cell.feature:14?[0m
    ?[32mGiven ?[0m?[32mthe following setup?[0m                    ?[90m# GameOfLifeSpec.the_following_setup(DataTable)?[0m
    ?[31mWhen ?[0m?[31mI evolve the board?[0m                      ?[90m# GameOfLifeSpec.i_evolve_the_board()?[0m
      ?[31morg.opentest4j.AssertionFailedError: Implement
	at org.junit.jupiter.api.AssertionUtils.fail(AssertionUtils.java:39)
	at org.junit.jupiter.api.Assertions.fail(Assertions.java:109)
	at cucumber.GameOfLifeSpec.i_evolve_the_board(GameOfLifeSpec.java:35)
	at ✽.I evolve the board(classpath:cucumber/dead_cell.feature:19)
?[0m
    ?[36mThen ?[0m?[36mthe center cell should be ?[0m?[36m?[1mdead?[0m          ?[90m# GameOfLifeSpec.the_center_cell_should_be_dead(String)?[0m

  Scenario: Dead cell with 2 neighbors stays dead ?[90m# cucumber/dead_cell.feature:22?[0m
    ?[32mGiven ?[0m?[32mthe following setup?[0m                     ?[90m# GameOfLifeSpec.the_following_setup(DataTable)?[0m
    ?[31mWhen ?[0m?[31mI evolve the board?[0m                       ?[90m# GameOfLifeSpec.i_evolve_the_board()?[0m
      ?[31morg.opentest4j.AssertionFailedError: Implement
	at org.junit.jupiter.api.AssertionUtils.fail(AssertionUtils.java:39)
	at org.junit.jupiter.api.Assertions.fail(Assertions.java:109)
	at cucumber.GameOfLifeSpec.i_evolve_the_board(GameOfLifeSpec.java:35)
	at ✽.I evolve the board(classpath:cucumber/dead_cell.feature:27)
?[0m
    ?[36mThen ?[0m?[36mthe center cell should be ?[0m?[36m?[1mdead?[0m           ?[90m# GameOfLifeSpec.the_center_cell_should_be_dead(String)?[0m

  Scenario: Dead cell with 3 neighbors comes to life ?[90m# cucumber/dead_cell.feature:30?[0m
    ?[32mGiven ?[0m?[32mthe following setup?[0m                        ?[90m# GameOfLifeSpec.the_following_setup(DataTable)?[0m
    ?[31mWhen ?[0m?[31mI evolve the board?[0m                          ?[90m# GameOfLifeSpec.i_evolve_the_board()?[0m
      ?[31morg.opentest4j.AssertionFailedError: Implement
	at org.junit.jupiter.api.AssertionUtils.fail(AssertionUtils.java:39)
	at org.junit.jupiter.api.Assertions.fail(Assertions.java:109)
	at cucumber.GameOfLifeSpec.i_evolve_the_board(GameOfLifeSpec.java:35)
	at ✽.I evolve the board(classpath:cucumber/dead_cell.feature:35)
?[0m
    ?[36mThen ?[0m?[36mthe center cell should be ?[0m?[36m?[1malive?[0m             ?[90m# GameOfLifeSpec.the_center_cell_should_be_dead(String)?[0m

  Scenario: Dead cell with 4 neighbors stays dead ?[90m# cucumber/dead_cell.feature:38?[0m
    ?[32mGiven ?[0m?[32mthe following setup?[0m                     ?[90m# GameOfLifeSpec.the_following_setup(DataTable)?[0m
    ?[31mWhen ?[0m?[31mI evolve the board?[0m                       ?[90m# GameOfLifeSpec.i_evolve_the_board()?[0m
      ?[31morg.opentest4j.AssertionFailedError: Implement
	at org.junit.jupiter.api.AssertionUtils.fail(AssertionUtils.java:39)
	at org.junit.jupiter.api.Assertions.fail(Assertions.java:109)
	at cucumber.GameOfLifeSpec.i_evolve_the_board(GameOfLifeSpec.java:35)
	at ✽.I evolve the board(classpath:cucumber/dead_cell.feature:43)
?[0m
    ?[36mThen ?[0m?[36mthe center cell should be ?[0m?[36m?[1mdead?[0m           ?[90m# GameOfLifeSpec.the_center_cell_should_be_dead(String)?[0m

  Scenario: Dead cell with 5 neighbors stays dead ?[90m# cucumber/dead_cell.feature:46?[0m
    ?[32mGiven ?[0m?[32mthe following setup?[0m                     ?[90m# GameOfLifeSpec.the_following_setup(DataTable)?[0m
    ?[31mWhen ?[0m?[31mI evolve the board?[0m                       ?[90m# GameOfLifeSpec.i_evolve_the_board()?[0m
      ?[31morg.opentest4j.AssertionFailedError: Implement
	at org.junit.jupiter.api.AssertionUtils.fail(AssertionUtils.java:39)
	at org.junit.jupiter.api.Assertions.fail(Assertions.java:109)
	at cucumber.GameOfLifeSpec.i_evolve_the_board(GameOfLifeSpec.java:35)
	at ✽.I evolve the board(classpath:cucumber/dead_cell.feature:51)
?[0m
    ?[36mThen ?[0m?[36mthe center cell should be ?[0m?[36m?[1mdead?[0m           ?[90m# GameOfLifeSpec.the_center_cell_should_be_dead(String)?[0m

  Scenario: Dead cell with 6 neighbors stays dead ?[90m# cucumber/dead_cell.feature:54?[0m
    ?[32mGiven ?[0m?[32mthe following setup?[0m                     ?[90m# GameOfLifeSpec.the_following_setup(DataTable)?[0m
    ?[31mWhen ?[0m?[31mI evolve the board?[0m                       ?[90m# GameOfLifeSpec.i_evolve_the_board()?[0m
      ?[31morg.opentest4j.AssertionFailedError: Implement
	at org.junit.jupiter.api.AssertionUtils.fail(AssertionUtils.java:39)
	at org.junit.jupiter.api.Assertions.fail(Assertions.java:109)
	at cucumber.GameOfLifeSpec.i_evolve_the_board(GameOfLifeSpec.java:35)
	at ✽.I evolve the board(classpath:cucumber/dead_cell.feature:59)
?[0m
    ?[36mThen ?[0m?[36mthe center cell should be ?[0m?[36m?[1mdead?[0m           ?[90m# GameOfLifeSpec.the_center_cell_should_be_dead(String)?[0m

  Scenario: Dead cell with 7 neighbors stays dead ?[90m# cucumber/dead_cell.feature:62?[0m
    ?[32mGiven ?[0m?[32mthe following setup?[0m                     ?[90m# GameOfLifeSpec.the_following_setup(DataTable)?[0m
    ?[31mWhen ?[0m?[31mI evolve the board?[0m                       ?[90m# GameOfLifeSpec.i_evolve_the_board()?[0m
      ?[31morg.opentest4j.AssertionFailedError: Implement
	at org.junit.jupiter.api.AssertionUtils.fail(AssertionUtils.java:39)
	at org.junit.jupiter.api.Assertions.fail(Assertions.java:109)
	at cucumber.GameOfLifeSpec.i_evolve_the_board(GameOfLifeSpec.java:35)
	at ✽.I evolve the board(classpath:cucumber/dead_cell.feature:67)
?[0m
    ?[36mThen ?[0m?[36mthe center cell should be ?[0m?[36m?[1mdead?[0m           ?[90m# GameOfLifeSpec.the_center_cell_should_be_dead(String)?[0m

  Scenario: Dead cell with 8 neighbors stays dead ?[90m# cucumber/dead_cell.feature:70?[0m
    ?[32mGiven ?[0m?[32mthe following setup?[0m                     ?[90m# GameOfLifeSpec.the_following_setup(DataTable)?[0m
    ?[31mWhen ?[0m?[31mI evolve the board?[0m                       ?[90m# GameOfLifeSpec.i_evolve_the_board()?[0m
      ?[31morg.opentest4j.AssertionFailedError: Implement
	at org.junit.jupiter.api.AssertionUtils.fail(AssertionUtils.java:39)
	at org.junit.jupiter.api.Assertions.fail(Assertions.java:109)
	at cucumber.GameOfLifeSpec.i_evolve_the_board(GameOfLifeSpec.java:35)
	at ✽.I evolve the board(classpath:cucumber/dead_cell.feature:75)
?[0m
    ?[36mThen ?[0m?[36mthe center cell should be ?[0m?[36m?[1mdead?[0m           ?[90m# GameOfLifeSpec.the_center_cell_should_be_dead(String)?[0m

Feature: Evolving a living cell
  In order to create a functioning rules engine
  As a programmer of Conway's Game of Life
  I can evolve a single living cell

  Scenario: Living cell with 0 neighbors dies ?[90m# cucumber/live_cell.feature:6?[0m
    ?[32mGiven ?[0m?[32mthe following setup?[0m                 ?[90m# GameOfLifeSpec.the_following_setup(DataTable)?[0m
    ?[31mWhen ?[0m?[31mI evolve the board?[0m                   ?[90m# GameOfLifeSpec.i_evolve_the_board()?[0m
      ?[31morg.opentest4j.AssertionFailedError: Implement
	at org.junit.jupiter.api.AssertionUtils.fail(AssertionUtils.java:39)
	at org.junit.jupiter.api.Assertions.fail(Assertions.java:109)
	at cucumber.GameOfLifeSpec.i_evolve_the_board(GameOfLifeSpec.java:35)
	at ✽.I evolve the board(classpath:cucumber/live_cell.feature:11)
?[0m
    ?[36mThen ?[0m?[36mthe center cell should be ?[0m?[36m?[1mdead?[0m       ?[90m# GameOfLifeSpec.the_center_cell_should_be_dead(String)?[0m

  Scenario: Living cell with 1 neighbor dies ?[90m# cucumber/live_cell.feature:14?[0m
    ?[32mGiven ?[0m?[32mthe following setup?[0m                ?[90m# GameOfLifeSpec.the_following_setup(DataTable)?[0m
    ?[31mWhen ?[0m?[31mI evolve the board?[0m                  ?[90m# GameOfLifeSpec.i_evolve_the_board()?[0m
      ?[31morg.opentest4j.AssertionFailedError: Implement
	at org.junit.jupiter.api.AssertionUtils.fail(AssertionUtils.java:39)
	at org.junit.jupiter.api.Assertions.fail(Assertions.java:109)
	at cucumber.GameOfLifeSpec.i_evolve_the_board(GameOfLifeSpec.java:35)
	at ✽.I evolve the board(classpath:cucumber/live_cell.feature:19)
?[0m
    ?[36mThen ?[0m?[36mthe center cell should be ?[0m?[36m?[1mdead?[0m      ?[90m# GameOfLifeSpec.the_center_cell_should_be_dead(String)?[0m

  Scenario: Living cell with 2 neighbors lives ?[90m# cucumber/live_cell.feature:22?[0m
    ?[32mGiven ?[0m?[32mthe following setup?[0m                  ?[90m# GameOfLifeSpec.the_following_setup(DataTable)?[0m
    ?[31mWhen ?[0m?[31mI evolve the board?[0m                    ?[90m# GameOfLifeSpec.i_evolve_the_board()?[0m
      ?[31morg.opentest4j.AssertionFailedError: Implement
	at org.junit.jupiter.api.AssertionUtils.fail(AssertionUtils.java:39)
	at org.junit.jupiter.api.Assertions.fail(Assertions.java:109)
	at cucumber.GameOfLifeSpec.i_evolve_the_board(GameOfLifeSpec.java:35)
	at ✽.I evolve the board(classpath:cucumber/live_cell.feature:27)
?[0m
    ?[36mThen ?[0m?[36mthe center cell should be ?[0m?[36m?[1malive?[0m       ?[90m# GameOfLifeSpec.the_center_cell_should_be_dead(String)?[0m

  Scenario: Living cell with 3 neighbors lives ?[90m# cucumber/live_cell.feature:30?[0m
    ?[32mGiven ?[0m?[32mthe following setup?[0m                  ?[90m# GameOfLifeSpec.the_following_setup(DataTable)?[0m
    ?[31mWhen ?[0m?[31mI evolve the board?[0m                    ?[90m# GameOfLifeSpec.i_evolve_the_board()?[0m
      ?[31morg.opentest4j.AssertionFailedError: Implement
	at org.junit.jupiter.api.AssertionUtils.fail(AssertionUtils.java:39)
	at org.junit.jupiter.api.Assertions.fail(Assertions.java:109)
	at cucumber.GameOfLifeSpec.i_evolve_the_board(GameOfLifeSpec.java:35)
	at ✽.I evolve the board(classpath:cucumber/live_cell.feature:35)
?[0m
    ?[36mThen ?[0m?[36mthe center cell should be ?[0m?[36m?[1malive?[0m       ?[90m# GameOfLifeSpec.the_center_cell_should_be_dead(String)?[0m

  Scenario: Living cell with 4 neighbors dies ?[90m# cucumber/live_cell.feature:38?[0m
    ?[32mGiven ?[0m?[32mthe following setup?[0m                 ?[90m# GameOfLifeSpec.the_following_setup(DataTable)?[0m
    ?[31mWhen ?[0m?[31mI evolve the board?[0m                   ?[90m# GameOfLifeSpec.i_evolve_the_board()?[0m
      ?[31morg.opentest4j.AssertionFailedError: Implement
	at org.junit.jupiter.api.AssertionUtils.fail(AssertionUtils.java:39)
	at org.junit.jupiter.api.Assertions.fail(Assertions.java:109)
	at cucumber.GameOfLifeSpec.i_evolve_the_board(GameOfLifeSpec.java:35)
	at ✽.I evolve the board(classpath:cucumber/live_cell.feature:43)
?[0m
    ?[36mThen ?[0m?[36mthe center cell should be ?[0m?[36m?[1mdead?[0m       ?[90m# GameOfLifeSpec.the_center_cell_should_be_dead(String)?[0m

  Scenario: Living cell with 5 neighbors dies ?[90m# cucumber/live_cell.feature:46?[0m
    ?[32mGiven ?[0m?[32mthe following setup?[0m                 ?[90m# GameOfLifeSpec.the_following_setup(DataTable)?[0m
    ?[31mWhen ?[0m?[31mI evolve the board?[0m                   ?[90m# GameOfLifeSpec.i_evolve_the_board()?[0m
      ?[31morg.opentest4j.AssertionFailedError: Implement
	at org.junit.jupiter.api.AssertionUtils.fail(AssertionUtils.java:39)
	at org.junit.jupiter.api.Assertions.fail(Assertions.java:109)
	at cucumber.GameOfLifeSpec.i_evolve_the_board(GameOfLifeSpec.java:35)
	at ✽.I evolve the board(classpath:cucumber/live_cell.feature:51)
?[0m
    ?[36mThen ?[0m?[36mthe center cell should be ?[0m?[36m?[1mdead?[0m       ?[90m# GameOfLifeSpec.the_center_cell_should_be_dead(String)?[0m

  Scenario: Living cell with 6 neighbors dies ?[90m# cucumber/live_cell.feature:54?[0m
    ?[32mGiven ?[0m?[32mthe following setup?[0m                 ?[90m# GameOfLifeSpec.the_following_setup(DataTable)?[0m
    ?[31mWhen ?[0m?[31mI evolve the board?[0m                   ?[90m# GameOfLifeSpec.i_evolve_the_board()?[0m
      ?[31morg.opentest4j.AssertionFailedError: Implement
	at org.junit.jupiter.api.AssertionUtils.fail(AssertionUtils.java:39)
	at org.junit.jupiter.api.Assertions.fail(Assertions.java:109)
	at cucumber.GameOfLifeSpec.i_evolve_the_board(GameOfLifeSpec.java:35)
	at ✽.I evolve the board(classpath:cucumber/live_cell.feature:59)
?[0m
    ?[36mThen ?[0m?[36mthe center cell should be ?[0m?[36m?[1mdead?[0m       ?[90m# GameOfLifeSpec.the_center_cell_should_be_dead(String)?[0m

  Scenario: Living cell with 7 neighbors dies ?[90m# cucumber/live_cell.feature:62?[0m
    ?[32mGiven ?[0m?[32mthe following setup?[0m                 ?[90m# GameOfLifeSpec.the_following_setup(DataTable)?[0m
    ?[31mWhen ?[0m?[31mI evolve the board?[0m                   ?[90m# GameOfLifeSpec.i_evolve_the_board()?[0m
      ?[31morg.opentest4j.AssertionFailedError: Implement
	at org.junit.jupiter.api.AssertionUtils.fail(AssertionUtils.java:39)
	at org.junit.jupiter.api.Assertions.fail(Assertions.java:109)
	at cucumber.GameOfLifeSpec.i_evolve_the_board(GameOfLifeSpec.java:35)
	at ✽.I evolve the board(classpath:cucumber/live_cell.feature:67)
?[0m
    ?[36mThen ?[0m?[36mthe center cell should be ?[0m?[36m?[1mdead?[0m       ?[90m# GameOfLifeSpec.the_center_cell_should_be_dead(String)?[0m

  Scenario: Living cell with 8 neighbors dies ?[90m# cucumber/live_cell.feature:70?[0m
    ?[32mGiven ?[0m?[32mthe following setup?[0m                 ?[90m# GameOfLifeSpec.the_following_setup(DataTable)?[0m
    ?[31mWhen ?[0m?[31mI evolve the board?[0m                   ?[90m# GameOfLifeSpec.i_evolve_the_board()?[0m
      ?[31morg.opentest4j.AssertionFailedError: Implement
	at org.junit.jupiter.api.AssertionUtils.fail(AssertionUtils.java:39)
	at org.junit.jupiter.api.Assertions.fail(Assertions.java:109)
	at cucumber.GameOfLifeSpec.i_evolve_the_board(GameOfLifeSpec.java:35)
	at ✽.I evolve the board(classpath:cucumber/live_cell.feature:75)
?[0m
    ?[36mThen ?[0m?[36mthe center cell should be ?[0m?[36m?[1mdead?[0m       ?[90m# GameOfLifeSpec.the_center_cell_should_be_dead(String)?[0m

Feature: Evolving a grid with some cells in it
  In order to create a functioning rules engine
  As a programmer of Conway's Game of Life
  I can evolve a multiple cell grid

  Scenario: Sparse grid with nobody staying alive ?[90m# cucumber/multiple_cells.feature:6?[0m
    ?[32mGiven ?[0m?[32mthe following setup?[0m                     ?[90m# GameOfLifeSpec.the_following_setup(DataTable)?[0m
    ?[31mWhen ?[0m?[31mI evolve the board?[0m                       ?[90m# GameOfLifeSpec.i_evolve_the_board()?[0m
      ?[31morg.opentest4j.AssertionFailedError: Implement
	at org.junit.jupiter.api.AssertionUtils.fail(AssertionUtils.java:39)
	at org.junit.jupiter.api.Assertions.fail(Assertions.java:109)
	at cucumber.GameOfLifeSpec.i_evolve_the_board(GameOfLifeSpec.java:35)
	at ✽.I evolve the board(classpath:cucumber/multiple_cells.feature:13)
?[0m
    ?[36mThen ?[0m?[36mI should see the following board?[0m         ?[90m# GameOfLifeSpec.i_should_see_the_following_board(DataTable)?[0m

  Scenario: Over-crowded grid             ?[90m# cucumber/multiple_cells.feature:21?[0m
    ?[32mGiven ?[0m?[32mthe following setup?[0m             ?[90m# GameOfLifeSpec.the_following_setup(DataTable)?[0m
    ?[31mWhen ?[0m?[31mI evolve the board?[0m               ?[90m# GameOfLifeSpec.i_evolve_the_board()?[0m
      ?[31morg.opentest4j.AssertionFailedError: Implement
	at org.junit.jupiter.api.AssertionUtils.fail(AssertionUtils.java:39)
	at org.junit.jupiter.api.Assertions.fail(Assertions.java:109)
	at cucumber.GameOfLifeSpec.i_evolve_the_board(GameOfLifeSpec.java:35)
	at ✽.I evolve the board(classpath:cucumber/multiple_cells.feature:28)
?[0m
    ?[36mThen ?[0m?[36mI should see the following board?[0m ?[90m# GameOfLifeSpec.i_should_see_the_following_board(DataTable)?[0m

  Scenario: Multiple dead cells coming to life ?[90m# cucumber/multiple_cells.feature:36?[0m
    ?[32mGiven ?[0m?[32mthe following setup?[0m                  ?[90m# GameOfLifeSpec.the_following_setup(DataTable)?[0m
    ?[31mWhen ?[0m?[31mI evolve the board?[0m                    ?[90m# GameOfLifeSpec.i_evolve_the_board()?[0m
      ?[31morg.opentest4j.AssertionFailedError: Implement
	at org.junit.jupiter.api.AssertionUtils.fail(AssertionUtils.java:39)
	at org.junit.jupiter.api.Assertions.fail(Assertions.java:109)
	at cucumber.GameOfLifeSpec.i_evolve_the_board(GameOfLifeSpec.java:35)
	at ✽.I evolve the board(classpath:cucumber/multiple_cells.feature:43)
?[0m
    ?[36mThen ?[0m?[36mI should see the following board?[0m      ?[90m# GameOfLifeSpec.i_should_see_the_following_board(DataTable)?[0m

Feature: Evolving a grid over multiple generations
  In order to create a functioning rules engine
  As a programmer of Conway's Game of Life
  I can evolve a grid over multiple generations

  Scenario: Cells come alive, then die off ?[90m# cucumber/multiple_generations.feature:6?[0m
    ?[32mGiven ?[0m?[32mthe following setup?[0m              ?[90m# GameOfLifeSpec.the_following_setup(DataTable)?[0m
    ?[31mWhen ?[0m?[31mI evolve the board?[0m                ?[90m# GameOfLifeSpec.i_evolve_the_board()?[0m
      ?[31morg.opentest4j.AssertionFailedError: Implement
	at org.junit.jupiter.api.AssertionUtils.fail(AssertionUtils.java:39)
	at org.junit.jupiter.api.Assertions.fail(Assertions.java:109)
	at cucumber.GameOfLifeSpec.i_evolve_the_board(GameOfLifeSpec.java:35)
	at ✽.I evolve the board(classpath:cucumber/multiple_generations.feature:13)
?[0m
    ?[36mThen ?[0m?[36mI should see the following board?[0m  ?[90m# GameOfLifeSpec.i_should_see_the_following_board(DataTable)?[0m
    ?[36mWhen ?[0m?[36mI evolve the board?[0m                ?[90m# GameOfLifeSpec.i_evolve_the_board()?[0m
    ?[36mThen ?[0m?[36mI should see the following board?[0m  ?[90m# GameOfLifeSpec.i_should_see_the_following_board(DataTable)?[0m

Feature: Cell configurations that are static
  In order to create a functioning rules engine
  As a programmer of Conway's Game of Life
  I can see static structures surviving in my world

  Scenario: Block                         ?[90m# cucumber/static_structures.feature:6?[0m
    ?[32mGiven ?[0m?[32mthe following setup?[0m             ?[90m# GameOfLifeSpec.the_following_setup(DataTable)?[0m
    ?[31mWhen ?[0m?[31mI evolve the board?[0m               ?[90m# GameOfLifeSpec.i_evolve_the_board()?[0m
      ?[31morg.opentest4j.AssertionFailedError: Implement
	at org.junit.jupiter.api.AssertionUtils.fail(AssertionUtils.java:39)
	at org.junit.jupiter.api.Assertions.fail(Assertions.java:109)
	at cucumber.GameOfLifeSpec.i_evolve_the_board(GameOfLifeSpec.java:35)
	at ✽.I evolve the board(classpath:cucumber/static_structures.feature:13)
?[0m
    ?[36mThen ?[0m?[36mI should see the following board?[0m ?[90m# GameOfLifeSpec.i_should_see_the_following_board(DataTable)?[0m

  Scenario: Beehive                       ?[90m# cucumber/static_structures.feature:21?[0m
    ?[32mGiven ?[0m?[32mthe following setup?[0m             ?[90m# GameOfLifeSpec.the_following_setup(DataTable)?[0m
    ?[31mWhen ?[0m?[31mI evolve the board?[0m               ?[90m# GameOfLifeSpec.i_evolve_the_board()?[0m
      ?[31morg.opentest4j.AssertionFailedError: Implement
	at org.junit.jupiter.api.AssertionUtils.fail(AssertionUtils.java:39)
	at org.junit.jupiter.api.Assertions.fail(Assertions.java:109)
	at cucumber.GameOfLifeSpec.i_evolve_the_board(GameOfLifeSpec.java:35)
	at ✽.I evolve the board(classpath:cucumber/static_structures.feature:28)
?[0m
    ?[36mThen ?[0m?[36mI should see the following board?[0m ?[90m# GameOfLifeSpec.i_should_see_the_following_board(DataTable)?[0m

  Scenario: Loaf                          ?[90m# cucumber/static_structures.feature:36?[0m
    ?[32mGiven ?[0m?[32mthe following setup?[0m             ?[90m# GameOfLifeSpec.the_following_setup(DataTable)?[0m
    ?[31mWhen ?[0m?[31mI evolve the board?[0m               ?[90m# GameOfLifeSpec.i_evolve_the_board()?[0m
      ?[31morg.opentest4j.AssertionFailedError: Implement
	at org.junit.jupiter.api.AssertionUtils.fail(AssertionUtils.java:39)
	at org.junit.jupiter.api.Assertions.fail(Assertions.java:109)
	at cucumber.GameOfLifeSpec.i_evolve_the_board(GameOfLifeSpec.java:35)
	at ✽.I evolve the board(classpath:cucumber/static_structures.feature:44)
?[0m
    ?[36mThen ?[0m?[36mI should see the following board?[0m ?[90m# GameOfLifeSpec.i_should_see_the_following_board(DataTable)?[0m

  Scenario: Boat                          ?[90m# cucumber/static_structures.feature:53?[0m
    ?[32mGiven ?[0m?[32mthe following setup?[0m             ?[90m# GameOfLifeSpec.the_following_setup(DataTable)?[0m
    ?[31mWhen ?[0m?[31mI evolve the board?[0m               ?[90m# GameOfLifeSpec.i_evolve_the_board()?[0m
      ?[31morg.opentest4j.AssertionFailedError: Implement
	at org.junit.jupiter.api.AssertionUtils.fail(AssertionUtils.java:39)
	at org.junit.jupiter.api.Assertions.fail(Assertions.java:109)
	at cucumber.GameOfLifeSpec.i_evolve_the_board(GameOfLifeSpec.java:35)
	at ✽.I evolve the board(classpath:cucumber/static_structures.feature:60)
?[0m
    ?[36mThen ?[0m?[36mI should see the following board?[0m ?[90m# GameOfLifeSpec.i_should_see_the_following_board(DataTable)?[0m

?[31mFailed scenarios:?[0m
?[31mcucumber/dead_cell.feature:6 ?[0m# Dead cell with 0 neighbors stays dead
?[31mcucumber/dead_cell.feature:14 ?[0m# Dead cell with 1 neighbor stays dead
?[31mcucumber/dead_cell.feature:22 ?[0m# Dead cell with 2 neighbors stays dead
?[31mcucumber/dead_cell.feature:30 ?[0m# Dead cell with 3 neighbors comes to life
?[31mcucumber/dead_cell.feature:38 ?[0m# Dead cell with 4 neighbors stays dead
?[31mcucumber/dead_cell.feature:46 ?[0m# Dead cell with 5 neighbors stays dead
?[31mcucumber/dead_cell.feature:54 ?[0m# Dead cell with 6 neighbors stays dead
?[31mcucumber/dead_cell.feature:62 ?[0m# Dead cell with 7 neighbors stays dead
?[31mcucumber/dead_cell.feature:70 ?[0m# Dead cell with 8 neighbors stays dead
?[31mcucumber/live_cell.feature:6 ?[0m# Living cell with 0 neighbors dies
?[31mcucumber/live_cell.feature:14 ?[0m# Living cell with 1 neighbor dies
?[31mcucumber/live_cell.feature:22 ?[0m# Living cell with 2 neighbors lives
?[31mcucumber/live_cell.feature:30 ?[0m# Living cell with 3 neighbors lives
?[31mcucumber/live_cell.feature:38 ?[0m# Living cell with 4 neighbors dies
?[31mcucumber/live_cell.feature:46 ?[0m# Living cell with 5 neighbors dies
?[31mcucumber/live_cell.feature:54 ?[0m# Living cell with 6 neighbors dies
?[31mcucumber/live_cell.feature:62 ?[0m# Living cell with 7 neighbors dies
?[31mcucumber/live_cell.feature:70 ?[0m# Living cell with 8 neighbors dies
?[31mcucumber/multiple_cells.feature:6 ?[0m# Sparse grid with nobody staying alive
?[31mcucumber/multiple_cells.feature:21 ?[0m# Over-crowded grid
?[31mcucumber/multiple_cells.feature:36 ?[0m# Multiple dead cells coming to life
?[31mcucumber/multiple_generations.feature:6 ?[0m# Cells come alive, then die off
?[31mcucumber/static_structures.feature:6 ?[0m# Block
?[31mcucumber/static_structures.feature:21 ?[0m# Beehive
?[31mcucumber/static_structures.feature:36 ?[0m# Loaf
?[31mcucumber/static_structures.feature:53 ?[0m# Boat

26 Scenarios (?[31m26 failed?[0m)
80 Steps (?[31m26 failed?[0m, ?[36m28 skipped?[0m, ?[32m26 passed?[0m)
0m0.528s

org.opentest4j.AssertionFailedError: Implement
	at org.junit.jupiter.api.AssertionUtils.fail(AssertionUtils.java:39)
	at org.junit.jupiter.api.Assertions.fail(Assertions.java:109)
	at cucumber.GameOfLifeSpec.i_evolve_the_board(GameOfLifeSpec.java:35)
	at ✽.I evolve the board(classpath:cucumber/dead_cell.feature:11)

org.opentest4j.AssertionFailedError: Implement
	at org.junit.jupiter.api.AssertionUtils.fail(AssertionUtils.java:39)
	at org.junit.jupiter.api.Assertions.fail(Assertions.java:109)
	at cucumber.GameOfLifeSpec.i_evolve_the_board(GameOfLifeSpec.java:35)
	at ✽.I evolve the board(classpath:cucumber/dead_cell.feature:19)

org.opentest4j.AssertionFailedError: Implement
	at org.junit.jupiter.api.AssertionUtils.fail(AssertionUtils.java:39)
	at org.junit.jupiter.api.Assertions.fail(Assertions.java:109)
	at cucumber.GameOfLifeSpec.i_evolve_the_board(GameOfLifeSpec.java:35)
	at ✽.I evolve the board(classpath:cucumber/dead_cell.feature:27)

org.opentest4j.AssertionFailedError: Implement
	at org.junit.jupiter.api.AssertionUtils.fail(AssertionUtils.java:39)
	at org.junit.jupiter.api.Assertions.fail(Assertions.java:109)
	at cucumber.GameOfLifeSpec.i_evolve_the_board(GameOfLifeSpec.java:35)
	at ✽.I evolve the board(classpath:cucumber/dead_cell.feature:35)

org.opentest4j.AssertionFailedError: Implement
	at org.junit.jupiter.api.AssertionUtils.fail(AssertionUtils.java:39)
	at org.junit.jupiter.api.Assertions.fail(Assertions.java:109)
	at cucumber.GameOfLifeSpec.i_evolve_the_board(GameOfLifeSpec.java:35)
	at ✽.I evolve the board(classpath:cucumber/dead_cell.feature:43)

org.opentest4j.AssertionFailedError: Implement
	at org.junit.jupiter.api.AssertionUtils.fail(AssertionUtils.java:39)
	at org.junit.jupiter.api.Assertions.fail(Assertions.java:109)
	at cucumber.GameOfLifeSpec.i_evolve_the_board(GameOfLifeSpec.java:35)
	at ✽.I evolve the board(classpath:cucumber/dead_cell.feature:51)

org.opentest4j.AssertionFailedError: Implement
	at org.junit.jupiter.api.AssertionUtils.fail(AssertionUtils.java:39)
	at org.junit.jupiter.api.Assertions.fail(Assertions.java:109)
	at cucumber.GameOfLifeSpec.i_evolve_the_board(GameOfLifeSpec.java:35)
	at ✽.I evolve the board(classpath:cucumber/dead_cell.feature:59)

org.opentest4j.AssertionFailedError: Implement
	at org.junit.jupiter.api.AssertionUtils.fail(AssertionUtils.java:39)
	at org.junit.jupiter.api.Assertions.fail(Assertions.java:109)
	at cucumber.GameOfLifeSpec.i_evolve_the_board(GameOfLifeSpec.java:35)
	at ✽.I evolve the board(classpath:cucumber/dead_cell.feature:67)

org.opentest4j.AssertionFailedError: Implement
	at org.junit.jupiter.api.AssertionUtils.fail(AssertionUtils.java:39)
	at org.junit.jupiter.api.Assertions.fail(Assertions.java:109)
	at cucumber.GameOfLifeSpec.i_evolve_the_board(GameOfLifeSpec.java:35)
	at ✽.I evolve the board(classpath:cucumber/dead_cell.feature:75)

org.opentest4j.AssertionFailedError: Implement
	at org.junit.jupiter.api.AssertionUtils.fail(AssertionUtils.java:39)
	at org.junit.jupiter.api.Assertions.fail(Assertions.java:109)
	at cucumber.GameOfLifeSpec.i_evolve_the_board(GameOfLifeSpec.java:35)
	at ✽.I evolve the board(classpath:cucumber/live_cell.feature:11)

org.opentest4j.AssertionFailedError: Implement
	at org.junit.jupiter.api.AssertionUtils.fail(AssertionUtils.java:39)
	at org.junit.jupiter.api.Assertions.fail(Assertions.java:109)
	at cucumber.GameOfLifeSpec.i_evolve_the_board(GameOfLifeSpec.java:35)
	at ✽.I evolve the board(classpath:cucumber/live_cell.feature:19)

org.opentest4j.AssertionFailedError: Implement
	at org.junit.jupiter.api.AssertionUtils.fail(AssertionUtils.java:39)
	at org.junit.jupiter.api.Assertions.fail(Assertions.java:109)
	at cucumber.GameOfLifeSpec.i_evolve_the_board(GameOfLifeSpec.java:35)
	at ✽.I evolve the board(classpath:cucumber/live_cell.feature:27)

org.opentest4j.AssertionFailedError: Implement
	at org.junit.jupiter.api.AssertionUtils.fail(AssertionUtils.java:39)
	at org.junit.jupiter.api.Assertions.fail(Assertions.java:109)
	at cucumber.GameOfLifeSpec.i_evolve_the_board(GameOfLifeSpec.java:35)
	at ✽.I evolve the board(classpath:cucumber/live_cell.feature:35)

org.opentest4j.AssertionFailedError: Implement
	at org.junit.jupiter.api.AssertionUtils.fail(AssertionUtils.java:39)
	at org.junit.jupiter.api.Assertions.fail(Assertions.java:109)
	at cucumber.GameOfLifeSpec.i_evolve_the_board(GameOfLifeSpec.java:35)
	at ✽.I evolve the board(classpath:cucumber/live_cell.feature:43)

org.opentest4j.AssertionFailedError: Implement
	at org.junit.jupiter.api.AssertionUtils.fail(AssertionUtils.java:39)
	at org.junit.jupiter.api.Assertions.fail(Assertions.java:109)
	at cucumber.GameOfLifeSpec.i_evolve_the_board(GameOfLifeSpec.java:35)
	at ✽.I evolve the board(classpath:cucumber/live_cell.feature:51)

org.opentest4j.AssertionFailedError: Implement
	at org.junit.jupiter.api.AssertionUtils.fail(AssertionUtils.java:39)
	at org.junit.jupiter.api.Assertions.fail(Assertions.java:109)
	at cucumber.GameOfLifeSpec.i_evolve_the_board(GameOfLifeSpec.java:35)
	at ✽.I evolve the board(classpath:cucumber/live_cell.feature:59)

org.opentest4j.AssertionFailedError: Implement
	at org.junit.jupiter.api.AssertionUtils.fail(AssertionUtils.java:39)
	at org.junit.jupiter.api.Assertions.fail(Assertions.java:109)
	at cucumber.GameOfLifeSpec.i_evolve_the_board(GameOfLifeSpec.java:35)
	at ✽.I evolve the board(classpath:cucumber/live_cell.feature:67)

org.opentest4j.AssertionFailedError: Implement
	at org.junit.jupiter.api.AssertionUtils.fail(AssertionUtils.java:39)
	at org.junit.jupiter.api.Assertions.fail(Assertions.java:109)
	at cucumber.GameOfLifeSpec.i_evolve_the_board(GameOfLifeSpec.java:35)
	at ✽.I evolve the board(classpath:cucumber/live_cell.feature:75)

org.opentest4j.AssertionFailedError: Implement
	at org.junit.jupiter.api.AssertionUtils.fail(AssertionUtils.java:39)
	at org.junit.jupiter.api.Assertions.fail(Assertions.java:109)
	at cucumber.GameOfLifeSpec.i_evolve_the_board(GameOfLifeSpec.java:35)
	at ✽.I evolve the board(classpath:cucumber/multiple_cells.feature:13)

org.opentest4j.AssertionFailedError: Implement
	at org.junit.jupiter.api.AssertionUtils.fail(AssertionUtils.java:39)
	at org.junit.jupiter.api.Assertions.fail(Assertions.java:109)
	at cucumber.GameOfLifeSpec.i_evolve_the_board(GameOfLifeSpec.java:35)
	at ✽.I evolve the board(classpath:cucumber/multiple_cells.feature:28)

org.opentest4j.AssertionFailedError: Implement
	at org.junit.jupiter.api.AssertionUtils.fail(AssertionUtils.java:39)
	at org.junit.jupiter.api.Assertions.fail(Assertions.java:109)
	at cucumber.GameOfLifeSpec.i_evolve_the_board(GameOfLifeSpec.java:35)
	at ✽.I evolve the board(classpath:cucumber/multiple_cells.feature:43)

org.opentest4j.AssertionFailedError: Implement
	at org.junit.jupiter.api.AssertionUtils.fail(AssertionUtils.java:39)
	at org.junit.jupiter.api.Assertions.fail(Assertions.java:109)
	at cucumber.GameOfLifeSpec.i_evolve_the_board(GameOfLifeSpec.java:35)
	at ✽.I evolve the board(classpath:cucumber/multiple_generations.feature:13)

org.opentest4j.AssertionFailedError: Implement
	at org.junit.jupiter.api.AssertionUtils.fail(AssertionUtils.java:39)
	at org.junit.jupiter.api.Assertions.fail(Assertions.java:109)
	at cucumber.GameOfLifeSpec.i_evolve_the_board(GameOfLifeSpec.java:35)
	at ✽.I evolve the board(classpath:cucumber/static_structures.feature:13)

org.opentest4j.AssertionFailedError: Implement
	at org.junit.jupiter.api.AssertionUtils.fail(AssertionUtils.java:39)
	at org.junit.jupiter.api.Assertions.fail(Assertions.java:109)
	at cucumber.GameOfLifeSpec.i_evolve_the_board(GameOfLifeSpec.java:35)
	at ✽.I evolve the board(classpath:cucumber/static_structures.feature:28)

org.opentest4j.AssertionFailedError: Implement
	at org.junit.jupiter.api.AssertionUtils.fail(AssertionUtils.java:39)
	at org.junit.jupiter.api.Assertions.fail(Assertions.java:109)
	at cucumber.GameOfLifeSpec.i_evolve_the_board(GameOfLifeSpec.java:35)
	at ✽.I evolve the board(classpath:cucumber/static_structures.feature:44)

org.opentest4j.AssertionFailedError: Implement
	at org.junit.jupiter.api.AssertionUtils.fail(AssertionUtils.java:39)
	at org.junit.jupiter.api.Assertions.fail(Assertions.java:109)
	at cucumber.GameOfLifeSpec.i_evolve_the_board(GameOfLifeSpec.java:35)
	at ✽.I evolve the board(classpath:cucumber/static_structures.feature:60)

]]></system-out>
  <system-err><![CDATA[]]></system-err>
</testsuite>
